[0.087s] Invoking command in '/lab2_ws/build/own_interfaces': CMAKE_PREFIX_PATH=/lab2_ws/install/lab_2:/opt/ros/galactic /usr/bin/cmake /lab2_ws/src/own_interfaces -DCMAKE_INSTALL_PREFIX=/lab2_ws/install/own_interfaces
[1.103s] -- The C compiler identification is GNU 9.3.0
[1.788s] -- The CXX compiler identification is GNU 9.3.0
[1.847s] -- Check for working C compiler: /usr/bin/cc
[2.084s] -- Check for working C compiler: /usr/bin/cc -- works
[2.101s] -- Detecting C compiler ABI info
[2.321s] -- Detecting C compiler ABI info - done
[2.360s] -- Detecting C compile features
[2.364s] -- Detecting C compile features - done
[2.385s] -- Check for working CXX compiler: /usr/bin/c++
[2.627s] -- Check for working CXX compiler: /usr/bin/c++ -- works
[2.630s] -- Detecting CXX compiler ABI info
[2.868s] -- Detecting CXX compiler ABI info - done
[2.917s] -- Detecting CXX compile features
[2.918s] -- Detecting CXX compile features - done
[2.952s] -- Found rosidl_default_generators: 1.1.1 (/opt/ros/galactic/share/rosidl_default_generators/cmake)
[2.964s] -- Found ament_cmake_core: 1.1.4 (/opt/ros/galactic/share/ament_cmake_core/cmake)
[3.060s] -- Found PythonInterp: /usr/bin/python3 (found suitable version "3.8.10", minimum required is "3") 
[3.061s] -- Using PYTHON_EXECUTABLE: /usr/bin/python3
[3.358s] -- Using all available rosidl_typesupport_c: rosidl_typesupport_fastrtps_c;rosidl_typesupport_introspection_c
[3.434s] -- Found rosidl_adapter: 2.2.1 (/opt/ros/galactic/share/rosidl_adapter/cmake)
[4.171s] -- Found OpenSSL: /usr/lib/x86_64-linux-gnu/libcrypto.so (found version "1.1.1f")  
[4.270s] -- Found FastRTPS: /opt/ros/galactic/include  
[4.665s] -- Using all available rosidl_typesupport_cpp: rosidl_typesupport_fastrtps_cpp;rosidl_typesupport_introspection_cpp
[4.879s] -- Found PythonInterp: /usr/bin/python3 (found version "3.8.10") 
[5.532s] CMake Error at /opt/ros/galactic/share/rosidl_adapter/cmake/rosidl_adapt_interfaces.cmake:60 (message):
[5.532s]   execute_process(/usr/bin/python3 -m rosidl_adapter --package-name
[5.533s]   own_interfaces --arguments-file
[5.533s]   /lab2_ws/build/own_interfaces/rosidl_adapter__arguments__own_interfaces.json
[5.533s]   --output-dir /lab2_ws/build/own_interfaces/rosidl_adapter/own_interfaces
[5.534s]   --output-file
[5.534s]   /lab2_ws/build/own_interfaces/rosidl_adapter/own_interfaces.idls) returned
[5.534s]   error code 1:
[5.535s] 
[5.535s]   Traceback (most recent call last):
[5.535s] 
[5.535s]     File "/usr/lib/python3.8/runpy.py", line 194, in _run_module_as_main
[5.535s]       return _run_code(code, main_globals, None,
[5.536s]     File "/usr/lib/python3.8/runpy.py", line 87, in _run_code
[5.536s]       exec(code, run_globals)
[5.536s]     File "/opt/ros/galactic/lib/python3.8/site-packages/rosidl_adapter/__main__.py", line 19, in <module>
[5.536s]       sys.exit(main())
[5.536s]     File "/opt/ros/galactic/lib/python3.8/site-packages/rosidl_adapter/main.py", line 53, in main
[5.536s]       abs_idl_file = convert_to_idl(
[5.544s]     File "/opt/ros/galactic/lib/python3.8/site-packages/rosidl_adapter/__init__.py", line 19, in convert_to_idl
[5.544s]       return convert_msg_to_idl(
[5.544s]     File "/opt/ros/galactic/lib/python3.8/site-packages/rosidl_adapter/msg/__init__.py", line 28, in convert_msg_to_idl
[5.544s]       msg = parse_message_string(package_name, input_file.stem, content)
[5.544s]     File "/opt/ros/galactic/lib/python3.8/site-packages/rosidl_adapter/parser.py", line 540, in parse_message_string
[5.545s]       msg = MessageSpecification(pkg_name, msg_name, fields, constants)
[5.545s]     File "/opt/ros/galactic/lib/python3.8/site-packages/rosidl_adapter/parser.py", line 387, in __init__
[5.545s]       self.base_type = BaseType(
[5.545s]     File "/opt/ros/galactic/lib/python3.8/site-packages/rosidl_adapter/parser.py", line 204, in __init__
[5.545s]       raise InvalidResourceName(
[5.545s] 
[5.546s]   rosidl_adapter.parser.InvalidResourceName: 'vel' is an invalid message
[5.546s]   name.  It should have the pattern '^[A-Z][A-Za-z0-9]*$'
[5.546s] 
[5.546s] Call Stack (most recent call first):
[5.546s]   /opt/ros/galactic/share/rosidl_cmake/cmake/rosidl_generate_interfaces.cmake:130 (rosidl_adapt_interfaces)
[5.546s]   CMakeLists.txt:10 (rosidl_generate_interfaces)
[5.547s] 
[5.547s] 
[5.547s] -- Configuring incomplete, errors occurred!
[5.548s] See also "/lab2_ws/build/own_interfaces/CMakeFiles/CMakeOutput.log".
[5.572s] Invoked command in '/lab2_ws/build/own_interfaces' returned '1': CMAKE_PREFIX_PATH=/lab2_ws/install/lab_2:/opt/ros/galactic /usr/bin/cmake /lab2_ws/src/own_interfaces -DCMAKE_INSTALL_PREFIX=/lab2_ws/install/own_interfaces
