[1.727s] DEBUG:colcon:Command line arguments: ['/usr/bin/colcon', 'build']
[1.727s] DEBUG:colcon:Parsed command line arguments: Namespace(ament_cmake_args=None, base_paths=['.'], build_base='build', catkin_cmake_args=None, catkin_skip_building_tests=False, cmake_args=None, cmake_clean_cache=False, cmake_clean_first=False, cmake_force_configure=False, cmake_target=None, cmake_target_skip_unavailable=False, continue_on_error=False, event_handlers=None, executor='parallel', ignore_user_meta=False, install_base='install', log_base=None, log_level=None, main=<bound method BuildVerb.main of <colcon_core.verb.build.BuildVerb object at 0x7fd582e96460>>, merge_install=False, metas=['./colcon.meta'], packages_above=None, packages_above_and_dependencies=None, packages_above_depth=None, packages_end=None, packages_ignore=None, packages_ignore_regex=None, packages_select=None, packages_select_build_failed=False, packages_select_by_dep=None, packages_select_regex=None, packages_select_test_failures=False, packages_skip=None, packages_skip_build_finished=False, packages_skip_by_dep=None, packages_skip_regex=None, packages_skip_test_passed=False, packages_skip_up_to=None, packages_start=None, packages_up_to=None, packages_up_to_regex=None, parallel_workers=1, paths=None, symlink_install=False, test_result_base=None, verb_extension=<colcon_core.verb.build.BuildVerb object at 0x7fd582e96460>, verb_name='build', verb_parser=<colcon_defaults.argument_parser.defaults.DefaultArgumentsDecorator object at 0x7fd582e969a0>)
[1.795s] Level 1:colcon.colcon_core.package_discovery:discover_packages(colcon_meta) check parameters
[1.796s] Level 1:colcon.colcon_core.package_discovery:discover_packages(recursive) check parameters
[1.796s] Level 1:colcon.colcon_core.package_discovery:discover_packages(ignore) check parameters
[1.796s] Level 1:colcon.colcon_core.package_discovery:discover_packages(path) check parameters
[1.796s] Level 1:colcon.colcon_core.package_discovery:discover_packages(colcon_meta) discover
[1.796s] Level 1:colcon.colcon_core.package_discovery:discover_packages(recursive) discover
[1.796s] INFO:colcon.colcon_core.package_discovery:Crawling recursively for packages in '/lab1_ws/src/lab_1'
[1.796s] Level 1:colcon.colcon_core.package_identification:_identify(.) by extensions ['ignore', 'ignore_ament_install']
[1.797s] Level 1:colcon.colcon_core.package_identification:_identify(.) by extension 'ignore'
[1.797s] Level 1:colcon.colcon_core.package_identification:_identify(.) by extension 'ignore_ament_install'
[1.797s] Level 1:colcon.colcon_core.package_identification:_identify(.) by extensions ['colcon_pkg']
[1.797s] Level 1:colcon.colcon_core.package_identification:_identify(.) by extension 'colcon_pkg'
[1.797s] Level 1:colcon.colcon_core.package_identification:_identify(.) by extensions ['colcon_meta']
[1.797s] Level 1:colcon.colcon_core.package_identification:_identify(.) by extension 'colcon_meta'
[1.797s] Level 1:colcon.colcon_core.package_identification:_identify(.) by extensions ['ros']
[1.797s] Level 1:colcon.colcon_core.package_identification:_identify(.) by extension 'ros'
[1.844s] DEBUG:colcon.colcon_core.package_identification:Package '.' with type 'ros.ament_python' and name 'lab_1'
[1.844s] Level 1:colcon.colcon_core.package_discovery:discover_packages(recursive) using defaults
[1.844s] Level 1:colcon.colcon_core.package_discovery:discover_packages(ignore) discover
[1.844s] Level 1:colcon.colcon_core.package_discovery:discover_packages(ignore) using defaults
[1.844s] Level 1:colcon.colcon_core.package_discovery:discover_packages(path) discover
[1.844s] Level 1:colcon.colcon_core.package_discovery:discover_packages(path) using defaults
[1.945s] Level 5:colcon.colcon_core.verb:set package 'lab_1' build argument 'cmake_args' from command line to 'None'
[1.945s] Level 5:colcon.colcon_core.verb:set package 'lab_1' build argument 'cmake_target' from command line to 'None'
[1.945s] Level 5:colcon.colcon_core.verb:set package 'lab_1' build argument 'cmake_target_skip_unavailable' from command line to 'False'
[1.945s] Level 5:colcon.colcon_core.verb:set package 'lab_1' build argument 'cmake_clean_cache' from command line to 'False'
[1.945s] Level 5:colcon.colcon_core.verb:set package 'lab_1' build argument 'cmake_clean_first' from command line to 'False'
[1.945s] Level 5:colcon.colcon_core.verb:set package 'lab_1' build argument 'cmake_force_configure' from command line to 'False'
[1.945s] Level 5:colcon.colcon_core.verb:set package 'lab_1' build argument 'ament_cmake_args' from command line to 'None'
[1.945s] Level 5:colcon.colcon_core.verb:set package 'lab_1' build argument 'catkin_cmake_args' from command line to 'None'
[1.945s] Level 5:colcon.colcon_core.verb:set package 'lab_1' build argument 'catkin_skip_building_tests' from command line to 'False'
[1.946s] DEBUG:colcon.colcon_core.verb:Building package 'lab_1' with the following arguments: {'ament_cmake_args': None, 'build_base': '/lab1_ws/src/lab_1/build/lab_1', 'catkin_cmake_args': None, 'catkin_skip_building_tests': False, 'cmake_args': None, 'cmake_clean_cache': False, 'cmake_clean_first': False, 'cmake_force_configure': False, 'cmake_target': None, 'cmake_target_skip_unavailable': False, 'install_base': '/lab1_ws/src/lab_1/install/lab_1', 'merge_install': False, 'path': '/lab1_ws/src/lab_1', 'symlink_install': False, 'test_result_base': None}
[1.946s] INFO:colcon.colcon_core.executor:Executing jobs using 'parallel' executor
[1.950s] DEBUG:colcon.colcon_parallel_executor.executor.parallel:run_until_complete
[1.951s] INFO:colcon.colcon_ros.task.ament_python.build:Building ROS package in '/lab1_ws/src/lab_1' with build type 'ament_python'
[1.951s] Level 1:colcon.colcon_core.shell:create_environment_hook('lab_1', 'ament_prefix_path')
[2.020s] INFO:colcon.colcon_core.plugin_system:Skipping extension 'colcon_core.shell.bat': Not used on non-Windows systems
[2.020s] INFO:colcon.colcon_core.shell:Creating environment hook '/lab1_ws/src/lab_1/install/lab_1/share/lab_1/hook/ament_prefix_path.ps1'
[2.026s] INFO:colcon.colcon_core.shell:Creating environment descriptor '/lab1_ws/src/lab_1/install/lab_1/share/lab_1/hook/ament_prefix_path.dsv'
[2.029s] INFO:colcon.colcon_core.shell:Creating environment hook '/lab1_ws/src/lab_1/install/lab_1/share/lab_1/hook/ament_prefix_path.sh'
[2.038s] INFO:colcon.colcon_core.shell:Skip shell extension 'powershell' for command environment: Not usable outside of PowerShell
[2.038s] DEBUG:colcon.colcon_core.shell:Skip shell extension 'dsv' for command environment
[2.061s] DEBUG:colcon.colcon_core.shell:Ignoring prefix path '/opt/ros/galactic'
[2.811s] INFO:colcon.colcon_core.task.python.build:Building Python package in '/lab1_ws/src/lab_1'
[2.816s] INFO:colcon.colcon_core.shell:Skip shell extension 'powershell' for command environment: Not usable outside of PowerShell
[2.816s] DEBUG:colcon.colcon_core.shell:Skip shell extension 'dsv' for command environment
[2.819s] DEBUG:colcon.colcon_core.shell:Ignoring prefix path '/opt/ros/galactic'
[2.850s] DEBUG:colcon.colcon_core.event_handler.log_command:Invoking command in '/lab1_ws/src/lab_1': PYTHONPATH=/lab1_ws/src/lab_1/install/lab_1/lib/python3.8/site-packages:${PYTHONPATH} /usr/bin/python3 setup.py egg_info --egg-base build/lab_1 build --build-base /lab1_ws/src/lab_1/build/lab_1/build install --prefix /lab1_ws/src/lab_1/install/lab_1 --record /lab1_ws/src/lab_1/build/lab_1/install.log --single-version-externally-managed
[4.217s] DEBUG:colcon.colcon_core.event_handler.log_command:Invoked command in '/lab1_ws/src/lab_1' returned '0': PYTHONPATH=/lab1_ws/src/lab_1/install/lab_1/lib/python3.8/site-packages:${PYTHONPATH} /usr/bin/python3 setup.py egg_info --egg-base build/lab_1 build --build-base /lab1_ws/src/lab_1/build/lab_1/build install --prefix /lab1_ws/src/lab_1/install/lab_1 --record /lab1_ws/src/lab_1/build/lab_1/install.log --single-version-externally-managed
[4.280s] Level 1:colcon.colcon_core.environment:checking '/lab1_ws/src/lab_1/install/lab_1' for CMake module files
[4.283s] Level 1:colcon.colcon_core.environment:checking '/lab1_ws/src/lab_1/install/lab_1' for CMake config files
[4.289s] Level 1:colcon.colcon_core.environment:checking '/lab1_ws/src/lab_1/install/lab_1/lib'
[4.289s] Level 1:colcon.colcon_core.environment:checking '/lab1_ws/src/lab_1/install/lab_1/bin'
[4.289s] Level 1:colcon.colcon_core.environment:checking '/lab1_ws/src/lab_1/install/lab_1/lib/pkgconfig/lab_1.pc'
[4.290s] Level 1:colcon.colcon_core.environment:checking '/lab1_ws/src/lab_1/install/lab_1/lib/python3.8/site-packages'
[4.290s] Level 1:colcon.colcon_core.shell:create_environment_hook('lab_1', 'pythonpath')
[4.291s] INFO:colcon.colcon_core.shell:Creating environment hook '/lab1_ws/src/lab_1/install/lab_1/share/lab_1/hook/pythonpath.ps1'
[4.292s] INFO:colcon.colcon_core.shell:Creating environment descriptor '/lab1_ws/src/lab_1/install/lab_1/share/lab_1/hook/pythonpath.dsv'
[4.293s] INFO:colcon.colcon_core.shell:Creating environment hook '/lab1_ws/src/lab_1/install/lab_1/share/lab_1/hook/pythonpath.sh'
[4.294s] Level 1:colcon.colcon_core.environment:create_environment_scripts_only(lab_1)
[4.297s] INFO:colcon.colcon_core.shell:Creating package script '/lab1_ws/src/lab_1/install/lab_1/share/lab_1/package.ps1'
[4.301s] INFO:colcon.colcon_core.shell:Creating package descriptor '/lab1_ws/src/lab_1/install/lab_1/share/lab_1/package.dsv'
[4.304s] INFO:colcon.colcon_core.shell:Creating package script '/lab1_ws/src/lab_1/install/lab_1/share/lab_1/package.sh'
[4.309s] INFO:colcon.colcon_core.shell:Creating package script '/lab1_ws/src/lab_1/install/lab_1/share/lab_1/package.bash'
[4.317s] INFO:colcon.colcon_core.shell:Creating package script '/lab1_ws/src/lab_1/install/lab_1/share/lab_1/package.zsh'
[4.323s] Level 1:colcon.colcon_core.environment:create_file_with_runtime_dependencies(/lab1_ws/src/lab_1/install/lab_1/share/colcon-core/packages/lab_1)
[4.330s] DEBUG:colcon.colcon_parallel_executor.executor.parallel:closing loop
[4.331s] DEBUG:colcon.colcon_parallel_executor.executor.parallel:loop closed
[4.331s] DEBUG:colcon.colcon_parallel_executor.executor.parallel:run_until_complete finished with '0'
[4.331s] DEBUG:colcon.colcon_core.event_reactor:joining thread
[4.397s] INFO:colcon.colcon_core.plugin_system:Skipping extension 'colcon_notification.desktop_notification.terminal_notifier': Not used on non-Darwin systems
[4.397s] INFO:colcon.colcon_core.plugin_system:Skipping extension 'colcon_notification.desktop_notification.win32': Not used on non-Windows systems
[4.397s] INFO:colcon.colcon_notification.desktop_notification:Sending desktop notification using 'notify2'
[4.424s] DEBUG:colcon.colcon_notification.desktop_notification.notify2:Failed to initialize notify2: org.freedesktop.DBus.Error.ServiceUnknown: The name org.freedesktop.Notifications was not provided by any .service files
[4.425s] DEBUG:colcon.colcon_core.event_reactor:joined thread
[4.428s] INFO:colcon.colcon_core.shell:Creating prefix script '/lab1_ws/src/lab_1/install/local_setup.ps1'
[4.433s] INFO:colcon.colcon_core.shell:Creating prefix util module '/lab1_ws/src/lab_1/install/_local_setup_util_ps1.py'
[4.438s] INFO:colcon.colcon_core.shell:Creating prefix chain script '/lab1_ws/src/lab_1/install/setup.ps1'
[4.446s] INFO:colcon.colcon_core.shell:Creating prefix script '/lab1_ws/src/lab_1/install/local_setup.sh'
[4.450s] INFO:colcon.colcon_core.shell:Creating prefix util module '/lab1_ws/src/lab_1/install/_local_setup_util_sh.py'
[4.451s] INFO:colcon.colcon_core.shell:Creating prefix chain script '/lab1_ws/src/lab_1/install/setup.sh'
[4.464s] INFO:colcon.colcon_core.shell:Creating prefix script '/lab1_ws/src/lab_1/install/local_setup.bash'
[4.468s] INFO:colcon.colcon_core.shell:Creating prefix chain script '/lab1_ws/src/lab_1/install/setup.bash'
[4.478s] INFO:colcon.colcon_core.shell:Creating prefix script '/lab1_ws/src/lab_1/install/local_setup.zsh'
[4.481s] INFO:colcon.colcon_core.shell:Creating prefix chain script '/lab1_ws/src/lab_1/install/setup.zsh'
