running egg_info
creating ../../build/lab_2/lab_2.egg-info
writing ../../build/lab_2/lab_2.egg-info/PKG-INFO
writing dependency_links to ../../build/lab_2/lab_2.egg-info/dependency_links.txt
writing entry points to ../../build/lab_2/lab_2.egg-info/entry_points.txt
writing requirements to ../../build/lab_2/lab_2.egg-info/requires.txt
writing top-level names to ../../build/lab_2/lab_2.egg-info/top_level.txt
writing manifest file '../../build/lab_2/lab_2.egg-info/SOURCES.txt'
reading manifest file '../../build/lab_2/lab_2.egg-info/SOURCES.txt'
writing manifest file '../../build/lab_2/lab_2.egg-info/SOURCES.txt'
running build
running build_py
creating /lab2_ws/build/lab_2/build
creating /lab2_ws/build/lab_2/build/lib
creating /lab2_ws/build/lab_2/build/lib/lab_2
copying lab_2/__init__.py -> /lab2_ws/build/lab_2/build/lib/lab_2
copying lab_2/cliente.py -> /lab2_ws/build/lab_2/build/lib/lab_2
copying lab_2/servicio.py -> /lab2_ws/build/lab_2/build/lib/lab_2
running install
running install_lib
creating /lab2_ws/install/lab_2/lib/python3.8/site-packages/lab_2
copying /lab2_ws/build/lab_2/build/lib/lab_2/__init__.py -> /lab2_ws/install/lab_2/lib/python3.8/site-packages/lab_2
copying /lab2_ws/build/lab_2/build/lib/lab_2/cliente.py -> /lab2_ws/install/lab_2/lib/python3.8/site-packages/lab_2
copying /lab2_ws/build/lab_2/build/lib/lab_2/servicio.py -> /lab2_ws/install/lab_2/lib/python3.8/site-packages/lab_2
byte-compiling /lab2_ws/install/lab_2/lib/python3.8/site-packages/lab_2/__init__.py to __init__.cpython-38.pyc
byte-compiling /lab2_ws/install/lab_2/lib/python3.8/site-packages/lab_2/cliente.py to cliente.cpython-38.pyc
byte-compiling /lab2_ws/install/lab_2/lib/python3.8/site-packages/lab_2/servicio.py to servicio.cpython-38.pyc
running install_data
creating /lab2_ws/install/lab_2/share/ament_index
creating /lab2_ws/install/lab_2/share/ament_index/resource_index
creating /lab2_ws/install/lab_2/share/ament_index/resource_index/packages
copying resource/lab_2 -> /lab2_ws/install/lab_2/share/ament_index/resource_index/packages
copying package.xml -> /lab2_ws/install/lab_2/share/lab_2
running install_egg_info
Copying ../../build/lab_2/lab_2.egg-info to /lab2_ws/install/lab_2/lib/python3.8/site-packages/lab_2-1.0.0-py3.8.egg-info
running install_scripts
Installing client script to /lab2_ws/install/lab_2/lib/lab_2
Installing service script to /lab2_ws/install/lab_2/lib/lab_2
writing list of installed files to '/lab2_ws/build/lab_2/install.log'
