[0.869s] Invoking command in '/lab2_ws/src/lab_2': PYTHONPATH=/lab2_ws/install/lab_2/lib/python3.8/site-packages:${PYTHONPATH} /usr/bin/python3 setup.py egg_info --egg-base ../../build/lab_2 build --build-base /lab2_ws/build/lab_2/build install --prefix /lab2_ws/install/lab_2 --record /lab2_ws/build/lab_2/install.log --single-version-externally-managed
[1.575s] running egg_info
[1.577s] writing ../../build/lab_2/lab_2.egg-info/PKG-INFO
[1.584s] writing dependency_links to ../../build/lab_2/lab_2.egg-info/dependency_links.txt
[1.586s] writing entry points to ../../build/lab_2/lab_2.egg-info/entry_points.txt
[1.589s] writing requirements to ../../build/lab_2/lab_2.egg-info/requires.txt
[1.592s] writing top-level names to ../../build/lab_2/lab_2.egg-info/top_level.txt
[1.698s] reading manifest file '../../build/lab_2/lab_2.egg-info/SOURCES.txt'
[1.698s] writing manifest file '../../build/lab_2/lab_2.egg-info/SOURCES.txt'
[1.701s] running build
[1.701s] running build_py
[1.702s] copying lab_2/cliente.py -> /lab2_ws/build/lab_2/build/lib/lab_2
[1.704s] copying lab_2/servicio.py -> /lab2_ws/build/lab_2/build/lib/lab_2
[1.705s] running install
[1.707s] running install_lib
[1.710s] copying /lab2_ws/build/lab_2/build/lib/lab_2/cliente.py -> /lab2_ws/install/lab_2/lib/python3.8/site-packages/lab_2
[1.711s] copying /lab2_ws/build/lab_2/build/lib/lab_2/servicio.py -> /lab2_ws/install/lab_2/lib/python3.8/site-packages/lab_2
[1.713s] byte-compiling /lab2_ws/install/lab_2/lib/python3.8/site-packages/lab_2/cliente.py to cliente.cpython-38.pyc
[1.722s]   File "/lab2_ws/install/lab_2/lib/python3.8/site-packages/lab_2/cliente.py", line 3
[1.722s]     import .RPM_Interface
[1.722s]            ^
[1.723s] SyntaxError: invalid syntax
[1.723s] 
[1.724s] byte-compiling /lab2_ws/install/lab_2/lib/python3.8/site-packages/lab_2/servicio.py to servicio.cpython-38.pyc
[1.726s]   File "/lab2_ws/install/lab_2/lib/python3.8/site-packages/lab_2/servicio.py", line 1
[1.726s]     import .RPM_Interface
[1.726s]            ^
[1.726s] SyntaxError: invalid syntax
[1.727s] 
[1.727s] running install_data
[1.729s] running install_egg_info
[1.733s] removing '/lab2_ws/install/lab_2/lib/python3.8/site-packages/lab_2-1.0.0-py3.8.egg-info' (and everything under it)
[1.735s] Copying ../../build/lab_2/lab_2.egg-info to /lab2_ws/install/lab_2/lib/python3.8/site-packages/lab_2-1.0.0-py3.8.egg-info
[1.737s] running install_scripts
[1.792s] Installing client script to /lab2_ws/install/lab_2/lib/lab_2
[1.796s] Installing service script to /lab2_ws/install/lab_2/lib/lab_2
[1.801s] writing list of installed files to '/lab2_ws/build/lab_2/install.log'
[1.866s] Invoked command in '/lab2_ws/src/lab_2' returned '0': PYTHONPATH=/lab2_ws/install/lab_2/lib/python3.8/site-packages:${PYTHONPATH} /usr/bin/python3 setup.py egg_info --egg-base ../../build/lab_2 build --build-base /lab2_ws/build/lab_2/build install --prefix /lab2_ws/install/lab_2 --record /lab2_ws/build/lab_2/install.log --single-version-externally-managed
