-- Found rosidl_default_generators: 1.1.1 (/opt/ros/galactic/share/rosidl_default_generators/cmake)
-- Found ament_cmake_core: 1.1.4 (/opt/ros/galactic/share/ament_cmake_core/cmake)
-- Found PythonInterp: /usr/bin/python3 (found suitable version "3.8.10", minimum required is "3") 
-- Using PYTHON_EXECUTABLE: /usr/bin/python3
-- Using all available rosidl_typesupport_c: rosidl_typesupport_fastrtps_c;rosidl_typesupport_introspection_c
-- Found rosidl_adapter: 2.2.1 (/opt/ros/galactic/share/rosidl_adapter/cmake)
-- Using all available rosidl_typesupport_cpp: rosidl_typesupport_fastrtps_cpp;rosidl_typesupport_introspection_cpp
-- Found PythonInterp: /usr/bin/python3 (found version "3.8.10") 
-- Found ament_cmake_ros: 0.9.2 (/opt/ros/galactic/share/ament_cmake_ros/cmake)
-- Using all available rosidl_typesupport_c: rosidl_typesupport_fastrtps_c;rosidl_typesupport_introspection_c
-- Using all available rosidl_typesupport_cpp: rosidl_typesupport_fastrtps_cpp;rosidl_typesupport_introspection_cpp
-- Found PythonInterp: /usr/bin/python3 (found suitable version "3.8.10", minimum required is "3.5") 
-- Found python_cmake_module: 0.8.1 (/opt/ros/galactic/share/python_cmake_module/cmake)
-- Found PythonLibs: /usr/lib/x86_64-linux-gnu/libpython3.8.so (found suitable version "3.8.10", minimum required is "3.5") 
-- Using PYTHON_EXECUTABLE: /usr/bin/python3
-- Using PYTHON_INCLUDE_DIRS: /usr/include/python3.8
-- Using PYTHON_LIBRARIES: /usr/lib/x86_64-linux-gnu/libpython3.8.so
-- Found PythonExtra: .so  
-- Found ament_lint_auto: 0.10.6 (/opt/ros/galactic/share/ament_lint_auto/cmake)
-- Added test 'copyright' to check source files copyright and LICENSE
-- Added test 'lint_cmake' to check CMake code style
-- Added test 'xmllint' to check XML markup files
-- Configuring done
-- Generating done
-- Build files have been written to: /lab2_ws/build/own_interfaces
[35m[1mScanning dependencies of target own_interfaces__cpp[0m
[  2%] [34m[1mGenerating C++ code for ROS interfaces[0m
[  2%] Built target own_interfaces__cpp
[  5%] [34m[1mGenerating C++ type support dispatch for ROS interfaces[0m
[35m[1mScanning dependencies of target own_interfaces__rosidl_typesupport_cpp[0m
[  7%] [32mBuilding CXX object CMakeFiles/own_interfaces__rosidl_typesupport_cpp.dir/rosidl_typesupport_cpp/own_interfaces/msg/vel__type_support.cpp.o[0m
[ 10%] [32mBuilding CXX object CMakeFiles/own_interfaces__rosidl_typesupport_cpp.dir/rosidl_typesupport_cpp/own_interfaces/srv/rp_mvel__type_support.cpp.o[0m
[ 12%] [32m[1mLinking CXX shared library libown_interfaces__rosidl_typesupport_cpp.so[0m
[ 12%] Built target own_interfaces__rosidl_typesupport_cpp
[ 15%] [34m[1mGenerating C code for ROS interfaces[0m
[35m[1mScanning dependencies of target own_interfaces__rosidl_generator_c[0m
[ 17%] [32mBuilding C object CMakeFiles/own_interfaces__rosidl_generator_c.dir/rosidl_generator_c/own_interfaces/msg/detail/vel__functions.c.o[0m
[ 20%] [32mBuilding C object CMakeFiles/own_interfaces__rosidl_generator_c.dir/rosidl_generator_c/own_interfaces/srv/detail/rp_mvel__functions.c.o[0m
[ 23%] [32m[1mLinking C shared library libown_interfaces__rosidl_generator_c.so[0m
[ 23%] Built target own_interfaces__rosidl_generator_c
[ 25%] [34m[1mGenerating C introspection for ROS interfaces[0m
[35m[1mScanning dependencies of target own_interfaces__rosidl_typesupport_introspection_c[0m
[ 28%] [32mBuilding C object CMakeFiles/own_interfaces__rosidl_typesupport_introspection_c.dir/rosidl_typesupport_introspection_c/own_interfaces/msg/detail/vel__type_support.c.o[0m
[ 30%] [32mBuilding C object CMakeFiles/own_interfaces__rosidl_typesupport_introspection_c.dir/rosidl_typesupport_introspection_c/own_interfaces/srv/detail/rp_mvel__type_support.c.o[0m
[ 33%] [32m[1mLinking C shared library libown_interfaces__rosidl_typesupport_introspection_c.so[0m
[ 33%] Built target own_interfaces__rosidl_typesupport_introspection_c
[ 35%] [34m[1mGenerating C++ type support for eProsima Fast-RTPS[0m
[35m[1mScanning dependencies of target own_interfaces__rosidl_typesupport_fastrtps_cpp[0m
[ 38%] [32mBuilding CXX object CMakeFiles/own_interfaces__rosidl_typesupport_fastrtps_cpp.dir/rosidl_typesupport_fastrtps_cpp/own_interfaces/msg/detail/dds_fastrtps/vel__type_support.cpp.o[0m
[ 41%] [32mBuilding CXX object CMakeFiles/own_interfaces__rosidl_typesupport_fastrtps_cpp.dir/rosidl_typesupport_fastrtps_cpp/own_interfaces/srv/detail/dds_fastrtps/rp_mvel__type_support.cpp.o[0m
[ 43%] [32m[1mLinking CXX shared library libown_interfaces__rosidl_typesupport_fastrtps_cpp.so[0m
[ 43%] Built target own_interfaces__rosidl_typesupport_fastrtps_cpp
[ 46%] [34m[1mGenerating C type support for eProsima Fast-RTPS[0m
[35m[1mScanning dependencies of target own_interfaces__rosidl_typesupport_fastrtps_c[0m
[ 48%] [32mBuilding CXX object CMakeFiles/own_interfaces__rosidl_typesupport_fastrtps_c.dir/rosidl_typesupport_fastrtps_c/own_interfaces/msg/detail/vel__type_support_c.cpp.o[0m
[ 51%] [32mBuilding CXX object CMakeFiles/own_interfaces__rosidl_typesupport_fastrtps_c.dir/rosidl_typesupport_fastrtps_c/own_interfaces/srv/detail/rp_mvel__type_support_c.cpp.o[0m
[ 53%] [32m[1mLinking CXX shared library libown_interfaces__rosidl_typesupport_fastrtps_c.so[0m
[ 53%] Built target own_interfaces__rosidl_typesupport_fastrtps_c
[ 56%] [34m[1mGenerating C++ introspection for ROS interfaces[0m
[35m[1mScanning dependencies of target own_interfaces__rosidl_typesupport_introspection_cpp[0m
[ 58%] [32mBuilding CXX object CMakeFiles/own_interfaces__rosidl_typesupport_introspection_cpp.dir/rosidl_typesupport_introspection_cpp/own_interfaces/msg/detail/vel__type_support.cpp.o[0m
[ 61%] [32mBuilding CXX object CMakeFiles/own_interfaces__rosidl_typesupport_introspection_cpp.dir/rosidl_typesupport_introspection_cpp/own_interfaces/srv/detail/rp_mvel__type_support.cpp.o[0m
[ 64%] [32m[1mLinking CXX shared library libown_interfaces__rosidl_typesupport_introspection_cpp.so[0m
[ 64%] Built target own_interfaces__rosidl_typesupport_introspection_cpp
[ 66%] [34m[1mGenerating C type support dispatch for ROS interfaces[0m
[35m[1mScanning dependencies of target own_interfaces__rosidl_typesupport_c[0m
[ 69%] [32mBuilding CXX object CMakeFiles/own_interfaces__rosidl_typesupport_c.dir/rosidl_typesupport_c/own_interfaces/msg/vel__type_support.cpp.o[0m
[ 71%] [32mBuilding CXX object CMakeFiles/own_interfaces__rosidl_typesupport_c.dir/rosidl_typesupport_c/own_interfaces/srv/rp_mvel__type_support.cpp.o[0m
[ 74%] [32m[1mLinking CXX shared library libown_interfaces__rosidl_typesupport_c.so[0m
[ 74%] Built target own_interfaces__rosidl_typesupport_c
[35m[1mScanning dependencies of target own_interfaces[0m
[ 74%] Built target own_interfaces
[35m[1mScanning dependencies of target own_interfaces__py[0m
[ 76%] [34m[1mGenerating Python code for ROS interfaces[0m
[ 76%] Built target own_interfaces__py
[35m[1mScanning dependencies of target own_interfaces__python[0m
[ 79%] [32mBuilding C object CMakeFiles/own_interfaces__python.dir/rosidl_generator_py/own_interfaces/msg/_vel_s.c.o[0m
[ 82%] [32mBuilding C object CMakeFiles/own_interfaces__python.dir/rosidl_generator_py/own_interfaces/srv/_rp_mvel_s.c.o[0m
[ 84%] [32m[1mLinking C shared library rosidl_generator_py/own_interfaces/libown_interfaces__python.so[0m
[ 84%] Built target own_interfaces__python
[35m[1mScanning dependencies of target own_interfaces__rosidl_typesupport_c__pyext[0m
[ 87%] [32mBuilding C object CMakeFiles/own_interfaces__rosidl_typesupport_c__pyext.dir/rosidl_generator_py/own_interfaces/_own_interfaces_s.ep.rosidl_typesupport_c.c.o[0m
[ 89%] [32m[1mLinking C shared library rosidl_generator_py/own_interfaces/own_interfaces_s__rosidl_typesupport_c.cpython-38-x86_64-linux-gnu.so[0m
[ 89%] Built target own_interfaces__rosidl_typesupport_c__pyext
[35m[1mScanning dependencies of target own_interfaces__rosidl_typesupport_fastrtps_c__pyext[0m
[ 92%] [32mBuilding C object CMakeFiles/own_interfaces__rosidl_typesupport_fastrtps_c__pyext.dir/rosidl_generator_py/own_interfaces/_own_interfaces_s.ep.rosidl_typesupport_fastrtps_c.c.o[0m
[ 94%] [32m[1mLinking CXX shared library rosidl_generator_py/own_interfaces/own_interfaces_s__rosidl_typesupport_fastrtps_c.cpython-38-x86_64-linux-gnu.so[0m
[ 94%] Built target own_interfaces__rosidl_typesupport_fastrtps_c__pyext
[35m[1mScanning dependencies of target own_interfaces__rosidl_typesupport_introspection_c__pyext[0m
[ 97%] [32mBuilding C object CMakeFiles/own_interfaces__rosidl_typesupport_introspection_c__pyext.dir/rosidl_generator_py/own_interfaces/_own_interfaces_s.ep.rosidl_typesupport_introspection_c.c.o[0m
[100%] [32m[1mLinking C shared library rosidl_generator_py/own_interfaces/own_interfaces_s__rosidl_typesupport_introspection_c.cpython-38-x86_64-linux-gnu.so[0m
[100%] Built target own_interfaces__rosidl_typesupport_introspection_c__pyext
-- Install configuration: ""
-- Installing: /lab2_ws/install/own_interfaces/share/ament_index/resource_index/rosidl_interfaces/own_interfaces
-- Installing: /lab2_ws/install/own_interfaces/include/own_interfaces
-- Installing: /lab2_ws/install/own_interfaces/include/own_interfaces/msg
-- Installing: /lab2_ws/install/own_interfaces/include/own_interfaces/msg/vel.h
-- Installing: /lab2_ws/install/own_interfaces/include/own_interfaces/msg/detail
-- Installing: /lab2_ws/install/own_interfaces/include/own_interfaces/msg/detail/vel__functions.h
-- Installing: /lab2_ws/install/own_interfaces/include/own_interfaces/msg/detail/vel__functions.c
-- Installing: /lab2_ws/install/own_interfaces/include/own_interfaces/msg/detail/vel__struct.h
-- Installing: /lab2_ws/install/own_interfaces/include/own_interfaces/msg/detail/vel__type_support.h
-- Installing: /lab2_ws/install/own_interfaces/include/own_interfaces/msg/rosidl_generator_c__visibility_control.h
-- Installing: /lab2_ws/install/own_interfaces/include/own_interfaces/srv
-- Installing: /lab2_ws/install/own_interfaces/include/own_interfaces/srv/detail
-- Installing: /lab2_ws/install/own_interfaces/include/own_interfaces/srv/detail/rp_mvel__type_support.h
-- Installing: /lab2_ws/install/own_interfaces/include/own_interfaces/srv/detail/rp_mvel__functions.h
-- Installing: /lab2_ws/install/own_interfaces/include/own_interfaces/srv/detail/rp_mvel__functions.c
-- Installing: /lab2_ws/install/own_interfaces/include/own_interfaces/srv/detail/rp_mvel__struct.h
-- Installing: /lab2_ws/install/own_interfaces/include/own_interfaces/srv/rp_mvel.h
-- Installing: /lab2_ws/install/own_interfaces/share/own_interfaces/environment/library_path.sh
-- Installing: /lab2_ws/install/own_interfaces/share/own_interfaces/environment/library_path.dsv
-- Installing: /lab2_ws/install/own_interfaces/lib/libown_interfaces__rosidl_generator_c.so
-- Set runtime path of "/lab2_ws/install/own_interfaces/lib/libown_interfaces__rosidl_generator_c.so" to ""
-- Up-to-date: /lab2_ws/install/own_interfaces/include/own_interfaces
-- Up-to-date: /lab2_ws/install/own_interfaces/include/own_interfaces/msg
-- Up-to-date: /lab2_ws/install/own_interfaces/include/own_interfaces/msg/detail
-- Installing: /lab2_ws/install/own_interfaces/include/own_interfaces/msg/detail/vel__rosidl_typesupport_fastrtps_c.h
-- Installing: /lab2_ws/install/own_interfaces/include/own_interfaces/msg/rosidl_typesupport_fastrtps_c__visibility_control.h
-- Up-to-date: /lab2_ws/install/own_interfaces/include/own_interfaces/srv
-- Up-to-date: /lab2_ws/install/own_interfaces/include/own_interfaces/srv/detail
-- Installing: /lab2_ws/install/own_interfaces/include/own_interfaces/srv/detail/rp_mvel__rosidl_typesupport_fastrtps_c.h
-- Installing: /lab2_ws/install/own_interfaces/lib/libown_interfaces__rosidl_typesupport_fastrtps_c.so
-- Set runtime path of "/lab2_ws/install/own_interfaces/lib/libown_interfaces__rosidl_typesupport_fastrtps_c.so" to ""
-- Up-to-date: /lab2_ws/install/own_interfaces/include/own_interfaces
-- Up-to-date: /lab2_ws/install/own_interfaces/include/own_interfaces/msg
-- Installing: /lab2_ws/install/own_interfaces/include/own_interfaces/msg/rosidl_typesupport_fastrtps_cpp__visibility_control.h
-- Up-to-date: /lab2_ws/install/own_interfaces/include/own_interfaces/msg/detail
-- Installing: /lab2_ws/install/own_interfaces/include/own_interfaces/msg/detail/vel__rosidl_typesupport_fastrtps_cpp.hpp
-- Installing: /lab2_ws/install/own_interfaces/include/own_interfaces/msg/detail/dds_fastrtps
-- Up-to-date: /lab2_ws/install/own_interfaces/include/own_interfaces/srv
-- Up-to-date: /lab2_ws/install/own_interfaces/include/own_interfaces/srv/detail
-- Installing: /lab2_ws/install/own_interfaces/include/own_interfaces/srv/detail/rp_mvel__rosidl_typesupport_fastrtps_cpp.hpp
-- Installing: /lab2_ws/install/own_interfaces/include/own_interfaces/srv/detail/dds_fastrtps
-- Installing: /lab2_ws/install/own_interfaces/lib/libown_interfaces__rosidl_typesupport_fastrtps_cpp.so
-- Set runtime path of "/lab2_ws/install/own_interfaces/lib/libown_interfaces__rosidl_typesupport_fastrtps_cpp.so" to ""
-- Up-to-date: /lab2_ws/install/own_interfaces/include/own_interfaces
-- Up-to-date: /lab2_ws/install/own_interfaces/include/own_interfaces/msg
-- Up-to-date: /lab2_ws/install/own_interfaces/include/own_interfaces/msg/detail
-- Installing: /lab2_ws/install/own_interfaces/include/own_interfaces/msg/detail/vel__type_support.c
-- Installing: /lab2_ws/install/own_interfaces/include/own_interfaces/msg/detail/vel__rosidl_typesupport_introspection_c.h
-- Installing: /lab2_ws/install/own_interfaces/include/own_interfaces/msg/rosidl_typesupport_introspection_c__visibility_control.h
-- Up-to-date: /lab2_ws/install/own_interfaces/include/own_interfaces/srv
-- Up-to-date: /lab2_ws/install/own_interfaces/include/own_interfaces/srv/detail
-- Installing: /lab2_ws/install/own_interfaces/include/own_interfaces/srv/detail/rp_mvel__type_support.c
-- Installing: /lab2_ws/install/own_interfaces/include/own_interfaces/srv/detail/rp_mvel__rosidl_typesupport_introspection_c.h
-- Installing: /lab2_ws/install/own_interfaces/lib/libown_interfaces__rosidl_typesupport_introspection_c.so
-- Set runtime path of "/lab2_ws/install/own_interfaces/lib/libown_interfaces__rosidl_typesupport_introspection_c.so" to ""
-- Installing: /lab2_ws/install/own_interfaces/lib/libown_interfaces__rosidl_typesupport_c.so
-- Set runtime path of "/lab2_ws/install/own_interfaces/lib/libown_interfaces__rosidl_typesupport_c.so" to ""
-- Up-to-date: /lab2_ws/install/own_interfaces/include/own_interfaces
-- Up-to-date: /lab2_ws/install/own_interfaces/include/own_interfaces/msg
-- Up-to-date: /lab2_ws/install/own_interfaces/include/own_interfaces/msg/detail
-- Installing: /lab2_ws/install/own_interfaces/include/own_interfaces/msg/detail/vel__struct.hpp
-- Installing: /lab2_ws/install/own_interfaces/include/own_interfaces/msg/detail/vel__traits.hpp
-- Installing: /lab2_ws/install/own_interfaces/include/own_interfaces/msg/detail/vel__builder.hpp
-- Installing: /lab2_ws/install/own_interfaces/include/own_interfaces/msg/vel.hpp
-- Up-to-date: /lab2_ws/install/own_interfaces/include/own_interfaces/srv
-- Installing: /lab2_ws/install/own_interfaces/include/own_interfaces/srv/rp_mvel.hpp
-- Up-to-date: /lab2_ws/install/own_interfaces/include/own_interfaces/srv/detail
-- Installing: /lab2_ws/install/own_interfaces/include/own_interfaces/srv/detail/rp_mvel__traits.hpp
-- Installing: /lab2_ws/install/own_interfaces/include/own_interfaces/srv/detail/rp_mvel__builder.hpp
-- Installing: /lab2_ws/install/own_interfaces/include/own_interfaces/srv/detail/rp_mvel__struct.hpp
-- Up-to-date: /lab2_ws/install/own_interfaces/include/own_interfaces
-- Up-to-date: /lab2_ws/install/own_interfaces/include/own_interfaces/msg
-- Up-to-date: /lab2_ws/install/own_interfaces/include/own_interfaces/msg/detail
-- Installing: /lab2_ws/install/own_interfaces/include/own_interfaces/msg/detail/vel__type_support.cpp
-- Installing: /lab2_ws/install/own_interfaces/include/own_interfaces/msg/detail/vel__rosidl_typesupport_introspection_cpp.hpp
-- Up-to-date: /lab2_ws/install/own_interfaces/include/own_interfaces/srv
-- Up-to-date: /lab2_ws/install/own_interfaces/include/own_interfaces/srv/detail
-- Installing: /lab2_ws/install/own_interfaces/include/own_interfaces/srv/detail/rp_mvel__rosidl_typesupport_introspection_cpp.hpp
-- Installing: /lab2_ws/install/own_interfaces/include/own_interfaces/srv/detail/rp_mvel__type_support.cpp
-- Installing: /lab2_ws/install/own_interfaces/lib/libown_interfaces__rosidl_typesupport_introspection_cpp.so
-- Set runtime path of "/lab2_ws/install/own_interfaces/lib/libown_interfaces__rosidl_typesupport_introspection_cpp.so" to ""
-- Installing: /lab2_ws/install/own_interfaces/lib/libown_interfaces__rosidl_typesupport_cpp.so
-- Set runtime path of "/lab2_ws/install/own_interfaces/lib/libown_interfaces__rosidl_typesupport_cpp.so" to ""
-- Installing: /lab2_ws/install/own_interfaces/share/own_interfaces/environment/pythonpath.sh
-- Installing: /lab2_ws/install/own_interfaces/share/own_interfaces/environment/pythonpath.dsv
-- Installing: /lab2_ws/install/own_interfaces/lib/python3.8/site-packages/own_interfaces/__init__.py
Compiling '/lab2_ws/install/own_interfaces/lib/python3.8/site-packages/own_interfaces/__init__.py'...
-- Installing: /lab2_ws/install/own_interfaces/lib/python3.8/site-packages/own_interfaces/msg
-- Installing: /lab2_ws/install/own_interfaces/lib/python3.8/site-packages/own_interfaces/msg/__init__.py
-- Installing: /lab2_ws/install/own_interfaces/lib/python3.8/site-packages/own_interfaces/msg/_vel_s.c
-- Installing: /lab2_ws/install/own_interfaces/lib/python3.8/site-packages/own_interfaces/msg/_vel.py
-- Installing: /lab2_ws/install/own_interfaces/lib/python3.8/site-packages/own_interfaces/srv
-- Installing: /lab2_ws/install/own_interfaces/lib/python3.8/site-packages/own_interfaces/srv/__init__.py
-- Installing: /lab2_ws/install/own_interfaces/lib/python3.8/site-packages/own_interfaces/srv/_rp_mvel.py
-- Installing: /lab2_ws/install/own_interfaces/lib/python3.8/site-packages/own_interfaces/srv/_rp_mvel_s.c
-- Installing: /lab2_ws/install/own_interfaces/lib/python3.8/site-packages/own_interfaces/own_interfaces_s__rosidl_typesupport_fastrtps_c.cpython-38-x86_64-linux-gnu.so
-- Set runtime path of "/lab2_ws/install/own_interfaces/lib/python3.8/site-packages/own_interfaces/own_interfaces_s__rosidl_typesupport_fastrtps_c.cpython-38-x86_64-linux-gnu.so" to ""
-- Installing: /lab2_ws/install/own_interfaces/lib/python3.8/site-packages/own_interfaces/own_interfaces_s__rosidl_typesupport_introspection_c.cpython-38-x86_64-linux-gnu.so
-- Set runtime path of "/lab2_ws/install/own_interfaces/lib/python3.8/site-packages/own_interfaces/own_interfaces_s__rosidl_typesupport_introspection_c.cpython-38-x86_64-linux-gnu.so" to ""
-- Installing: /lab2_ws/install/own_interfaces/lib/python3.8/site-packages/own_interfaces/own_interfaces_s__rosidl_typesupport_c.cpython-38-x86_64-linux-gnu.so
-- Set runtime path of "/lab2_ws/install/own_interfaces/lib/python3.8/site-packages/own_interfaces/own_interfaces_s__rosidl_typesupport_c.cpython-38-x86_64-linux-gnu.so" to ""
-- Installing: /lab2_ws/install/own_interfaces/lib/libown_interfaces__python.so
-- Set runtime path of "/lab2_ws/install/own_interfaces/lib/libown_interfaces__python.so" to ""
-- Installing: /lab2_ws/install/own_interfaces/share/own_interfaces/msg/Vel.idl
-- Installing: /lab2_ws/install/own_interfaces/share/own_interfaces/srv/RPMvel.idl
-- Installing: /lab2_ws/install/own_interfaces/share/own_interfaces/msg/Vel.msg
-- Installing: /lab2_ws/install/own_interfaces/share/own_interfaces/srv/RPMvel.srv
-- Installing: /lab2_ws/install/own_interfaces/share/own_interfaces/srv/RPMvel_Request.msg
-- Installing: /lab2_ws/install/own_interfaces/share/own_interfaces/srv/RPMvel_Response.msg
-- Installing: /lab2_ws/install/own_interfaces/share/ament_index/resource_index/package_run_dependencies/own_interfaces
-- Installing: /lab2_ws/install/own_interfaces/share/ament_index/resource_index/parent_prefix_path/own_interfaces
-- Installing: /lab2_ws/install/own_interfaces/share/own_interfaces/environment/ament_prefix_path.sh
-- Installing: /lab2_ws/install/own_interfaces/share/own_interfaces/environment/ament_prefix_path.dsv
-- Installing: /lab2_ws/install/own_interfaces/share/own_interfaces/environment/path.sh
-- Installing: /lab2_ws/install/own_interfaces/share/own_interfaces/environment/path.dsv
-- Installing: /lab2_ws/install/own_interfaces/share/own_interfaces/local_setup.bash
-- Installing: /lab2_ws/install/own_interfaces/share/own_interfaces/local_setup.sh
-- Installing: /lab2_ws/install/own_interfaces/share/own_interfaces/local_setup.zsh
-- Installing: /lab2_ws/install/own_interfaces/share/own_interfaces/local_setup.dsv
-- Installing: /lab2_ws/install/own_interfaces/share/own_interfaces/package.dsv
-- Installing: /lab2_ws/install/own_interfaces/share/ament_index/resource_index/packages/own_interfaces
-- Installing: /lab2_ws/install/own_interfaces/share/own_interfaces/cmake/own_interfaces__rosidl_generator_cExport.cmake
-- Installing: /lab2_ws/install/own_interfaces/share/own_interfaces/cmake/own_interfaces__rosidl_generator_cExport-noconfig.cmake
-- Installing: /lab2_ws/install/own_interfaces/share/own_interfaces/cmake/own_interfaces__rosidl_typesupport_introspection_cExport.cmake
-- Installing: /lab2_ws/install/own_interfaces/share/own_interfaces/cmake/own_interfaces__rosidl_typesupport_introspection_cExport-noconfig.cmake
-- Installing: /lab2_ws/install/own_interfaces/share/own_interfaces/cmake/own_interfaces__rosidl_typesupport_cExport.cmake
-- Installing: /lab2_ws/install/own_interfaces/share/own_interfaces/cmake/own_interfaces__rosidl_typesupport_cExport-noconfig.cmake
-- Installing: /lab2_ws/install/own_interfaces/share/own_interfaces/cmake/own_interfaces__rosidl_generator_cppExport.cmake
-- Installing: /lab2_ws/install/own_interfaces/share/own_interfaces/cmake/own_interfaces__rosidl_typesupport_introspection_cppExport.cmake
-- Installing: /lab2_ws/install/own_interfaces/share/own_interfaces/cmake/own_interfaces__rosidl_typesupport_introspection_cppExport-noconfig.cmake
-- Installing: /lab2_ws/install/own_interfaces/share/own_interfaces/cmake/own_interfaces__rosidl_typesupport_cppExport.cmake
-- Installing: /lab2_ws/install/own_interfaces/share/own_interfaces/cmake/own_interfaces__rosidl_typesupport_cppExport-noconfig.cmake
-- Installing: /lab2_ws/install/own_interfaces/share/own_interfaces/cmake/rosidl_cmake-extras.cmake
-- Installing: /lab2_ws/install/own_interfaces/share/own_interfaces/cmake/ament_cmake_export_dependencies-extras.cmake
-- Installing: /lab2_ws/install/own_interfaces/share/own_interfaces/cmake/ament_cmake_export_libraries-extras.cmake
-- Installing: /lab2_ws/install/own_interfaces/share/own_interfaces/cmake/ament_cmake_export_targets-extras.cmake
-- Installing: /lab2_ws/install/own_interfaces/share/own_interfaces/cmake/ament_cmake_export_include_directories-extras.cmake
-- Installing: /lab2_ws/install/own_interfaces/share/own_interfaces/cmake/rosidl_cmake_export_typesupport_libraries-extras.cmake
-- Installing: /lab2_ws/install/own_interfaces/share/own_interfaces/cmake/rosidl_cmake_export_typesupport_targets-extras.cmake
-- Installing: /lab2_ws/install/own_interfaces/share/own_interfaces/cmake/own_interfacesConfig.cmake
-- Installing: /lab2_ws/install/own_interfaces/share/own_interfaces/cmake/own_interfacesConfig-version.cmake
-- Installing: /lab2_ws/install/own_interfaces/share/own_interfaces/package.xml
