[0.100s] Invoking command in '/lab2_ws/build/own_interfaces': CMAKE_PREFIX_PATH=/lab2_ws/install/lab_2:/opt/ros/galactic /usr/bin/cmake /lab2_ws/src/own_interfaces -DCMAKE_INSTALL_PREFIX=/lab2_ws/install/own_interfaces
[0.199s] -- Found rosidl_default_generators: 1.1.1 (/opt/ros/galactic/share/rosidl_default_generators/cmake)
[0.201s] -- Found ament_cmake_core: 1.1.4 (/opt/ros/galactic/share/ament_cmake_core/cmake)
[0.272s] -- Found PythonInterp: /usr/bin/python3 (found suitable version "3.8.10", minimum required is "3") 
[0.273s] -- Using PYTHON_EXECUTABLE: /usr/bin/python3
[0.447s] -- Using all available rosidl_typesupport_c: rosidl_typesupport_fastrtps_c;rosidl_typesupport_introspection_c
[0.464s] -- Found rosidl_adapter: 2.2.1 (/opt/ros/galactic/share/rosidl_adapter/cmake)
[0.892s] -- Using all available rosidl_typesupport_cpp: rosidl_typesupport_fastrtps_cpp;rosidl_typesupport_introspection_cpp
[1.032s] -- Found PythonInterp: /usr/bin/python3 (found version "3.8.10") 
[1.523s] -- Found ament_cmake_ros: 0.9.2 (/opt/ros/galactic/share/ament_cmake_ros/cmake)
[1.960s] -- Using all available rosidl_typesupport_c: rosidl_typesupport_fastrtps_c;rosidl_typesupport_introspection_c
[2.031s] -- Using all available rosidl_typesupport_cpp: rosidl_typesupport_fastrtps_cpp;rosidl_typesupport_introspection_cpp
[2.161s] -- Found PythonInterp: /usr/bin/python3 (found suitable version "3.8.10", minimum required is "3.5") 
[2.177s] -- Found python_cmake_module: 0.8.1 (/opt/ros/galactic/share/python_cmake_module/cmake)
[2.281s] -- Found PythonLibs: /usr/lib/x86_64-linux-gnu/libpython3.8.so (found suitable version "3.8.10", minimum required is "3.5") 
[2.282s] -- Using PYTHON_EXECUTABLE: /usr/bin/python3
[2.282s] -- Using PYTHON_INCLUDE_DIRS: /usr/include/python3.8
[2.283s] -- Using PYTHON_LIBRARIES: /usr/lib/x86_64-linux-gnu/libpython3.8.so
[2.369s] -- Found PythonExtra: .so  
[2.569s] -- Found ament_lint_auto: 0.10.6 (/opt/ros/galactic/share/ament_lint_auto/cmake)
[2.800s] -- Added test 'copyright' to check source files copyright and LICENSE
[2.813s] -- Added test 'lint_cmake' to check CMake code style
[2.823s] -- Added test 'xmllint' to check XML markup files
[2.845s] -- Configuring done
[2.979s] -- Generating done
[2.991s] -- Build files have been written to: /lab2_ws/build/own_interfaces
[3.022s] Invoked command in '/lab2_ws/build/own_interfaces' returned '0': CMAKE_PREFIX_PATH=/lab2_ws/install/lab_2:/opt/ros/galactic /usr/bin/cmake /lab2_ws/src/own_interfaces -DCMAKE_INSTALL_PREFIX=/lab2_ws/install/own_interfaces
[3.023s] Invoking command in '/lab2_ws/build/own_interfaces': CMAKE_PREFIX_PATH=/lab2_ws/install/lab_2:/opt/ros/galactic /usr/bin/cmake --build /lab2_ws/build/own_interfaces -- -j1 -l1
[3.219s] [35m[1mScanning dependencies of target own_interfaces__cpp[0m
[3.257s] [  2%] [34m[1mGenerating C++ code for ROS interfaces[0m
[4.278s] [  2%] Built target own_interfaces__cpp
[4.325s] [  5%] [34m[1mGenerating C++ type support dispatch for ROS interfaces[0m
[5.218s] [35m[1mScanning dependencies of target own_interfaces__rosidl_typesupport_cpp[0m
[5.341s] [  7%] [32mBuilding CXX object CMakeFiles/own_interfaces__rosidl_typesupport_cpp.dir/rosidl_typesupport_cpp/own_interfaces/msg/vel__type_support.cpp.o[0m
[6.699s] [ 10%] [32mBuilding CXX object CMakeFiles/own_interfaces__rosidl_typesupport_cpp.dir/rosidl_typesupport_cpp/own_interfaces/srv/rp_mvel__type_support.cpp.o[0m
[7.629s] [ 12%] [32m[1mLinking CXX shared library libown_interfaces__rosidl_typesupport_cpp.so[0m
[7.784s] [ 12%] Built target own_interfaces__rosidl_typesupport_cpp
[7.821s] [ 15%] [34m[1mGenerating C code for ROS interfaces[0m
[8.642s] [35m[1mScanning dependencies of target own_interfaces__rosidl_generator_c[0m
[8.679s] [ 17%] [32mBuilding C object CMakeFiles/own_interfaces__rosidl_generator_c.dir/rosidl_generator_c/own_interfaces/msg/detail/vel__functions.c.o[0m
[8.823s] [ 20%] [32mBuilding C object CMakeFiles/own_interfaces__rosidl_generator_c.dir/rosidl_generator_c/own_interfaces/srv/detail/rp_mvel__functions.c.o[0m
[8.956s] [ 23%] [32m[1mLinking C shared library libown_interfaces__rosidl_generator_c.so[0m
[9.076s] [ 23%] Built target own_interfaces__rosidl_generator_c
[9.109s] [ 25%] [34m[1mGenerating C introspection for ROS interfaces[0m
[9.830s] [35m[1mScanning dependencies of target own_interfaces__rosidl_typesupport_introspection_c[0m
[9.884s] [ 28%] [32mBuilding C object CMakeFiles/own_interfaces__rosidl_typesupport_introspection_c.dir/rosidl_typesupport_introspection_c/own_interfaces/msg/detail/vel__type_support.c.o[0m
[10.001s] [ 30%] [32mBuilding C object CMakeFiles/own_interfaces__rosidl_typesupport_introspection_c.dir/rosidl_typesupport_introspection_c/own_interfaces/srv/detail/rp_mvel__type_support.c.o[0m
[10.107s] [ 33%] [32m[1mLinking C shared library libown_interfaces__rosidl_typesupport_introspection_c.so[0m
[10.212s] [ 33%] Built target own_interfaces__rosidl_typesupport_introspection_c
[10.244s] [ 35%] [34m[1mGenerating C++ type support for eProsima Fast-RTPS[0m
[11.022s] [35m[1mScanning dependencies of target own_interfaces__rosidl_typesupport_fastrtps_cpp[0m
[11.217s] [ 38%] [32mBuilding CXX object CMakeFiles/own_interfaces__rosidl_typesupport_fastrtps_cpp.dir/rosidl_typesupport_fastrtps_cpp/own_interfaces/msg/detail/dds_fastrtps/vel__type_support.cpp.o[0m
[12.487s] [ 41%] [32mBuilding CXX object CMakeFiles/own_interfaces__rosidl_typesupport_fastrtps_cpp.dir/rosidl_typesupport_fastrtps_cpp/own_interfaces/srv/detail/dds_fastrtps/rp_mvel__type_support.cpp.o[0m
[13.751s] [ 43%] [32m[1mLinking CXX shared library libown_interfaces__rosidl_typesupport_fastrtps_cpp.so[0m
[14.063s] [ 43%] Built target own_interfaces__rosidl_typesupport_fastrtps_cpp
[14.095s] [ 46%] [34m[1mGenerating C type support for eProsima Fast-RTPS[0m
[14.839s] [35m[1mScanning dependencies of target own_interfaces__rosidl_typesupport_fastrtps_c[0m
[14.917s] [ 48%] [32mBuilding CXX object CMakeFiles/own_interfaces__rosidl_typesupport_fastrtps_c.dir/rosidl_typesupport_fastrtps_c/own_interfaces/msg/detail/vel__type_support_c.cpp.o[0m
[15.952s] [ 51%] [32mBuilding CXX object CMakeFiles/own_interfaces__rosidl_typesupport_fastrtps_c.dir/rosidl_typesupport_fastrtps_c/own_interfaces/srv/detail/rp_mvel__type_support_c.cpp.o[0m
[16.984s] [ 53%] [32m[1mLinking CXX shared library libown_interfaces__rosidl_typesupport_fastrtps_c.so[0m
[17.252s] [ 53%] Built target own_interfaces__rosidl_typesupport_fastrtps_c
[17.284s] [ 56%] [34m[1mGenerating C++ introspection for ROS interfaces[0m
[17.975s] [35m[1mScanning dependencies of target own_interfaces__rosidl_typesupport_introspection_cpp[0m
[18.043s] [ 58%] [32mBuilding CXX object CMakeFiles/own_interfaces__rosidl_typesupport_introspection_cpp.dir/rosidl_typesupport_introspection_cpp/own_interfaces/msg/detail/vel__type_support.cpp.o[0m
[18.853s] [ 61%] [32mBuilding CXX object CMakeFiles/own_interfaces__rosidl_typesupport_introspection_cpp.dir/rosidl_typesupport_introspection_cpp/own_interfaces/srv/detail/rp_mvel__type_support.cpp.o[0m
[19.663s] [ 64%] [32m[1mLinking CXX shared library libown_interfaces__rosidl_typesupport_introspection_cpp.so[0m
[19.803s] [ 64%] Built target own_interfaces__rosidl_typesupport_introspection_cpp
[19.835s] [ 66%] [34m[1mGenerating C type support dispatch for ROS interfaces[0m
[20.481s] [35m[1mScanning dependencies of target own_interfaces__rosidl_typesupport_c[0m
[20.536s] [ 69%] [32mBuilding CXX object CMakeFiles/own_interfaces__rosidl_typesupport_c.dir/rosidl_typesupport_c/own_interfaces/msg/vel__type_support.cpp.o[0m
[20.627s] [ 71%] [32mBuilding CXX object CMakeFiles/own_interfaces__rosidl_typesupport_c.dir/rosidl_typesupport_c/own_interfaces/srv/rp_mvel__type_support.cpp.o[0m
[20.724s] [ 74%] [32m[1mLinking CXX shared library libown_interfaces__rosidl_typesupport_c.so[0m
[20.848s] [ 74%] Built target own_interfaces__rosidl_typesupport_c
[20.879s] [35m[1mScanning dependencies of target own_interfaces[0m
[20.921s] [ 74%] Built target own_interfaces
[20.965s] [35m[1mScanning dependencies of target own_interfaces__py[0m
[21.000s] [ 76%] [34m[1mGenerating Python code for ROS interfaces[0m
[23.058s] [ 76%] Built target own_interfaces__py
[23.093s] [35m[1mScanning dependencies of target own_interfaces__python[0m
[23.392s] [ 79%] [32mBuilding C object CMakeFiles/own_interfaces__python.dir/rosidl_generator_py/own_interfaces/msg/_vel_s.c.o[0m
[23.714s] [ 82%] [32mBuilding C object CMakeFiles/own_interfaces__python.dir/rosidl_generator_py/own_interfaces/srv/_rp_mvel_s.c.o[0m
[23.988s] [ 84%] [32m[1mLinking C shared library rosidl_generator_py/own_interfaces/libown_interfaces__python.so[0m
[24.129s] [ 84%] Built target own_interfaces__python
[24.168s] [35m[1mScanning dependencies of target own_interfaces__rosidl_typesupport_c__pyext[0m
[24.227s] [ 87%] [32mBuilding C object CMakeFiles/own_interfaces__rosidl_typesupport_c__pyext.dir/rosidl_generator_py/own_interfaces/_own_interfaces_s.ep.rosidl_typesupport_c.c.o[0m
[24.487s] [ 89%] [32m[1mLinking C shared library rosidl_generator_py/own_interfaces/own_interfaces_s__rosidl_typesupport_c.cpython-38-x86_64-linux-gnu.so[0m
[24.598s] [ 89%] Built target own_interfaces__rosidl_typesupport_c__pyext
[24.629s] [35m[1mScanning dependencies of target own_interfaces__rosidl_typesupport_fastrtps_c__pyext[0m
[24.690s] [ 92%] [32mBuilding C object CMakeFiles/own_interfaces__rosidl_typesupport_fastrtps_c__pyext.dir/rosidl_generator_py/own_interfaces/_own_interfaces_s.ep.rosidl_typesupport_fastrtps_c.c.o[0m
[24.948s] [ 94%] [32m[1mLinking CXX shared library rosidl_generator_py/own_interfaces/own_interfaces_s__rosidl_typesupport_fastrtps_c.cpython-38-x86_64-linux-gnu.so[0m
[25.150s] [ 94%] Built target own_interfaces__rosidl_typesupport_fastrtps_c__pyext
[25.183s] [35m[1mScanning dependencies of target own_interfaces__rosidl_typesupport_introspection_c__pyext[0m
[25.239s] [ 97%] [32mBuilding C object CMakeFiles/own_interfaces__rosidl_typesupport_introspection_c__pyext.dir/rosidl_generator_py/own_interfaces/_own_interfaces_s.ep.rosidl_typesupport_introspection_c.c.o[0m
[25.491s] [100%] [32m[1mLinking C shared library rosidl_generator_py/own_interfaces/own_interfaces_s__rosidl_typesupport_introspection_c.cpython-38-x86_64-linux-gnu.so[0m
[25.607s] [100%] Built target own_interfaces__rosidl_typesupport_introspection_c__pyext
[25.649s] Invoked command in '/lab2_ws/build/own_interfaces' returned '0': CMAKE_PREFIX_PATH=/lab2_ws/install/lab_2:/opt/ros/galactic /usr/bin/cmake --build /lab2_ws/build/own_interfaces -- -j1 -l1
[25.991s] Invoking command in '/lab2_ws/build/own_interfaces': CMAKE_PREFIX_PATH=/lab2_ws/install/lab_2:/opt/ros/galactic /usr/bin/cmake --install /lab2_ws/build/own_interfaces
[26.027s] -- Install configuration: ""
[26.035s] -- Installing: /lab2_ws/install/own_interfaces/share/ament_index/resource_index/rosidl_interfaces/own_interfaces
[26.036s] -- Installing: /lab2_ws/install/own_interfaces/include/own_interfaces
[26.036s] -- Installing: /lab2_ws/install/own_interfaces/include/own_interfaces/msg
[26.037s] -- Installing: /lab2_ws/install/own_interfaces/include/own_interfaces/msg/vel.h
[26.037s] -- Installing: /lab2_ws/install/own_interfaces/include/own_interfaces/msg/detail
[26.038s] -- Installing: /lab2_ws/install/own_interfaces/include/own_interfaces/msg/detail/vel__functions.h
[26.039s] -- Installing: /lab2_ws/install/own_interfaces/include/own_interfaces/msg/detail/vel__functions.c
[26.040s] -- Installing: /lab2_ws/install/own_interfaces/include/own_interfaces/msg/detail/vel__struct.h
[26.041s] -- Installing: /lab2_ws/install/own_interfaces/include/own_interfaces/msg/detail/vel__type_support.h
[26.042s] -- Installing: /lab2_ws/install/own_interfaces/include/own_interfaces/msg/rosidl_generator_c__visibility_control.h
[26.042s] -- Installing: /lab2_ws/install/own_interfaces/include/own_interfaces/srv
[26.043s] -- Installing: /lab2_ws/install/own_interfaces/include/own_interfaces/srv/detail
[26.043s] -- Installing: /lab2_ws/install/own_interfaces/include/own_interfaces/srv/detail/rp_mvel__type_support.h
[26.044s] -- Installing: /lab2_ws/install/own_interfaces/include/own_interfaces/srv/detail/rp_mvel__functions.h
[26.045s] -- Installing: /lab2_ws/install/own_interfaces/include/own_interfaces/srv/detail/rp_mvel__functions.c
[26.046s] -- Installing: /lab2_ws/install/own_interfaces/include/own_interfaces/srv/detail/rp_mvel__struct.h
[26.046s] -- Installing: /lab2_ws/install/own_interfaces/include/own_interfaces/srv/rp_mvel.h
[26.047s] -- Installing: /lab2_ws/install/own_interfaces/share/own_interfaces/environment/library_path.sh
[26.048s] -- Installing: /lab2_ws/install/own_interfaces/share/own_interfaces/environment/library_path.dsv
[26.051s] -- Installing: /lab2_ws/install/own_interfaces/lib/libown_interfaces__rosidl_generator_c.so
[26.052s] -- Set runtime path of "/lab2_ws/install/own_interfaces/lib/libown_interfaces__rosidl_generator_c.so" to ""
[26.053s] -- Up-to-date: /lab2_ws/install/own_interfaces/include/own_interfaces
[26.054s] -- Up-to-date: /lab2_ws/install/own_interfaces/include/own_interfaces/msg
[26.054s] -- Up-to-date: /lab2_ws/install/own_interfaces/include/own_interfaces/msg/detail
[26.055s] -- Installing: /lab2_ws/install/own_interfaces/include/own_interfaces/msg/detail/vel__rosidl_typesupport_fastrtps_c.h
[26.055s] -- Installing: /lab2_ws/install/own_interfaces/include/own_interfaces/msg/rosidl_typesupport_fastrtps_c__visibility_control.h
[26.056s] -- Up-to-date: /lab2_ws/install/own_interfaces/include/own_interfaces/srv
[26.056s] -- Up-to-date: /lab2_ws/install/own_interfaces/include/own_interfaces/srv/detail
[26.057s] -- Installing: /lab2_ws/install/own_interfaces/include/own_interfaces/srv/detail/rp_mvel__rosidl_typesupport_fastrtps_c.h
[26.058s] -- Installing: /lab2_ws/install/own_interfaces/lib/libown_interfaces__rosidl_typesupport_fastrtps_c.so
[26.059s] -- Set runtime path of "/lab2_ws/install/own_interfaces/lib/libown_interfaces__rosidl_typesupport_fastrtps_c.so" to ""
[26.062s] -- Up-to-date: /lab2_ws/install/own_interfaces/include/own_interfaces
[26.062s] -- Up-to-date: /lab2_ws/install/own_interfaces/include/own_interfaces/msg
[26.063s] -- Installing: /lab2_ws/install/own_interfaces/include/own_interfaces/msg/rosidl_typesupport_fastrtps_cpp__visibility_control.h
[26.064s] -- Up-to-date: /lab2_ws/install/own_interfaces/include/own_interfaces/msg/detail
[26.064s] -- Installing: /lab2_ws/install/own_interfaces/include/own_interfaces/msg/detail/vel__rosidl_typesupport_fastrtps_cpp.hpp
[26.066s] -- Installing: /lab2_ws/install/own_interfaces/include/own_interfaces/msg/detail/dds_fastrtps
[26.066s] -- Up-to-date: /lab2_ws/install/own_interfaces/include/own_interfaces/srv
[26.067s] -- Up-to-date: /lab2_ws/install/own_interfaces/include/own_interfaces/srv/detail
[26.067s] -- Installing: /lab2_ws/install/own_interfaces/include/own_interfaces/srv/detail/rp_mvel__rosidl_typesupport_fastrtps_cpp.hpp
[26.068s] -- Installing: /lab2_ws/install/own_interfaces/include/own_interfaces/srv/detail/dds_fastrtps
[26.069s] -- Installing: /lab2_ws/install/own_interfaces/lib/libown_interfaces__rosidl_typesupport_fastrtps_cpp.so
[26.077s] -- Set runtime path of "/lab2_ws/install/own_interfaces/lib/libown_interfaces__rosidl_typesupport_fastrtps_cpp.so" to ""
[26.079s] -- Up-to-date: /lab2_ws/install/own_interfaces/include/own_interfaces
[26.079s] -- Up-to-date: /lab2_ws/install/own_interfaces/include/own_interfaces/msg
[26.079s] -- Up-to-date: /lab2_ws/install/own_interfaces/include/own_interfaces/msg/detail
[26.079s] -- Installing: /lab2_ws/install/own_interfaces/include/own_interfaces/msg/detail/vel__type_support.c
[26.080s] -- Installing: /lab2_ws/install/own_interfaces/include/own_interfaces/msg/detail/vel__rosidl_typesupport_introspection_c.h
[26.080s] -- Installing: /lab2_ws/install/own_interfaces/include/own_interfaces/msg/rosidl_typesupport_introspection_c__visibility_control.h
[26.080s] -- Up-to-date: /lab2_ws/install/own_interfaces/include/own_interfaces/srv
[26.080s] -- Up-to-date: /lab2_ws/install/own_interfaces/include/own_interfaces/srv/detail
[26.080s] -- Installing: /lab2_ws/install/own_interfaces/include/own_interfaces/srv/detail/rp_mvel__type_support.c
[26.080s] -- Installing: /lab2_ws/install/own_interfaces/include/own_interfaces/srv/detail/rp_mvel__rosidl_typesupport_introspection_c.h
[26.083s] -- Installing: /lab2_ws/install/own_interfaces/lib/libown_interfaces__rosidl_typesupport_introspection_c.so
[26.083s] -- Set runtime path of "/lab2_ws/install/own_interfaces/lib/libown_interfaces__rosidl_typesupport_introspection_c.so" to ""
[26.085s] -- Installing: /lab2_ws/install/own_interfaces/lib/libown_interfaces__rosidl_typesupport_c.so
[26.085s] -- Set runtime path of "/lab2_ws/install/own_interfaces/lib/libown_interfaces__rosidl_typesupport_c.so" to ""
[26.086s] -- Up-to-date: /lab2_ws/install/own_interfaces/include/own_interfaces
[26.086s] -- Up-to-date: /lab2_ws/install/own_interfaces/include/own_interfaces/msg
[26.087s] -- Up-to-date: /lab2_ws/install/own_interfaces/include/own_interfaces/msg/detail
[26.087s] -- Installing: /lab2_ws/install/own_interfaces/include/own_interfaces/msg/detail/vel__struct.hpp
[26.088s] -- Installing: /lab2_ws/install/own_interfaces/include/own_interfaces/msg/detail/vel__traits.hpp
[26.088s] -- Installing: /lab2_ws/install/own_interfaces/include/own_interfaces/msg/detail/vel__builder.hpp
[26.090s] -- Installing: /lab2_ws/install/own_interfaces/include/own_interfaces/msg/vel.hpp
[26.090s] -- Up-to-date: /lab2_ws/install/own_interfaces/include/own_interfaces/srv
[26.097s] -- Installing: /lab2_ws/install/own_interfaces/include/own_interfaces/srv/rp_mvel.hpp
[26.097s] -- Up-to-date: /lab2_ws/install/own_interfaces/include/own_interfaces/srv/detail
[26.097s] -- Installing: /lab2_ws/install/own_interfaces/include/own_interfaces/srv/detail/rp_mvel__traits.hpp
[26.098s] -- Installing: /lab2_ws/install/own_interfaces/include/own_interfaces/srv/detail/rp_mvel__builder.hpp
[26.098s] -- Installing: /lab2_ws/install/own_interfaces/include/own_interfaces/srv/detail/rp_mvel__struct.hpp
[26.098s] -- Up-to-date: /lab2_ws/install/own_interfaces/include/own_interfaces
[26.098s] -- Up-to-date: /lab2_ws/install/own_interfaces/include/own_interfaces/msg
[26.098s] -- Up-to-date: /lab2_ws/install/own_interfaces/include/own_interfaces/msg/detail
[26.098s] -- Installing: /lab2_ws/install/own_interfaces/include/own_interfaces/msg/detail/vel__type_support.cpp
[26.098s] -- Installing: /lab2_ws/install/own_interfaces/include/own_interfaces/msg/detail/vel__rosidl_typesupport_introspection_cpp.hpp
[26.099s] -- Up-to-date: /lab2_ws/install/own_interfaces/include/own_interfaces/srv
[26.099s] -- Up-to-date: /lab2_ws/install/own_interfaces/include/own_interfaces/srv/detail
[26.099s] -- Installing: /lab2_ws/install/own_interfaces/include/own_interfaces/srv/detail/rp_mvel__rosidl_typesupport_introspection_cpp.hpp
[26.099s] -- Installing: /lab2_ws/install/own_interfaces/include/own_interfaces/srv/detail/rp_mvel__type_support.cpp
[26.102s] -- Installing: /lab2_ws/install/own_interfaces/lib/libown_interfaces__rosidl_typesupport_introspection_cpp.so
[26.102s] -- Set runtime path of "/lab2_ws/install/own_interfaces/lib/libown_interfaces__rosidl_typesupport_introspection_cpp.so" to ""
[26.102s] -- Installing: /lab2_ws/install/own_interfaces/lib/libown_interfaces__rosidl_typesupport_cpp.so
[26.105s] -- Set runtime path of "/lab2_ws/install/own_interfaces/lib/libown_interfaces__rosidl_typesupport_cpp.so" to ""
[26.106s] -- Installing: /lab2_ws/install/own_interfaces/share/own_interfaces/environment/pythonpath.sh
[26.107s] -- Installing: /lab2_ws/install/own_interfaces/share/own_interfaces/environment/pythonpath.dsv
[26.108s] -- Installing: /lab2_ws/install/own_interfaces/lib/python3.8/site-packages/own_interfaces/__init__.py
[26.203s] Compiling '/lab2_ws/install/own_interfaces/lib/python3.8/site-packages/own_interfaces/__init__.py'...
[26.221s] -- Installing: /lab2_ws/install/own_interfaces/lib/python3.8/site-packages/own_interfaces/msg
[26.222s] -- Installing: /lab2_ws/install/own_interfaces/lib/python3.8/site-packages/own_interfaces/msg/__init__.py
[26.223s] -- Installing: /lab2_ws/install/own_interfaces/lib/python3.8/site-packages/own_interfaces/msg/_vel_s.c
[26.223s] -- Installing: /lab2_ws/install/own_interfaces/lib/python3.8/site-packages/own_interfaces/msg/_vel.py
[26.224s] -- Installing: /lab2_ws/install/own_interfaces/lib/python3.8/site-packages/own_interfaces/srv
[26.225s] -- Installing: /lab2_ws/install/own_interfaces/lib/python3.8/site-packages/own_interfaces/srv/__init__.py
[26.225s] -- Installing: /lab2_ws/install/own_interfaces/lib/python3.8/site-packages/own_interfaces/srv/_rp_mvel.py
[26.226s] -- Installing: /lab2_ws/install/own_interfaces/lib/python3.8/site-packages/own_interfaces/srv/_rp_mvel_s.c
[26.227s] -- Installing: /lab2_ws/install/own_interfaces/lib/python3.8/site-packages/own_interfaces/own_interfaces_s__rosidl_typesupport_fastrtps_c.cpython-38-x86_64-linux-gnu.so
[26.229s] -- Set runtime path of "/lab2_ws/install/own_interfaces/lib/python3.8/site-packages/own_interfaces/own_interfaces_s__rosidl_typesupport_fastrtps_c.cpython-38-x86_64-linux-gnu.so" to ""
[26.230s] -- Installing: /lab2_ws/install/own_interfaces/lib/python3.8/site-packages/own_interfaces/own_interfaces_s__rosidl_typesupport_introspection_c.cpython-38-x86_64-linux-gnu.so
[26.234s] -- Set runtime path of "/lab2_ws/install/own_interfaces/lib/python3.8/site-packages/own_interfaces/own_interfaces_s__rosidl_typesupport_introspection_c.cpython-38-x86_64-linux-gnu.so" to ""
[26.235s] -- Installing: /lab2_ws/install/own_interfaces/lib/python3.8/site-packages/own_interfaces/own_interfaces_s__rosidl_typesupport_c.cpython-38-x86_64-linux-gnu.so
[26.236s] -- Set runtime path of "/lab2_ws/install/own_interfaces/lib/python3.8/site-packages/own_interfaces/own_interfaces_s__rosidl_typesupport_c.cpython-38-x86_64-linux-gnu.so" to ""
[26.237s] -- Installing: /lab2_ws/install/own_interfaces/lib/libown_interfaces__python.so
[26.239s] -- Set runtime path of "/lab2_ws/install/own_interfaces/lib/libown_interfaces__python.so" to ""
[26.239s] -- Installing: /lab2_ws/install/own_interfaces/share/own_interfaces/msg/Vel.idl
[26.240s] -- Installing: /lab2_ws/install/own_interfaces/share/own_interfaces/srv/RPMvel.idl
[26.241s] -- Installing: /lab2_ws/install/own_interfaces/share/own_interfaces/msg/Vel.msg
[26.242s] -- Installing: /lab2_ws/install/own_interfaces/share/own_interfaces/srv/RPMvel.srv
[26.249s] -- Installing: /lab2_ws/install/own_interfaces/share/own_interfaces/srv/RPMvel_Request.msg
[26.250s] -- Installing: /lab2_ws/install/own_interfaces/share/own_interfaces/srv/RPMvel_Response.msg
[26.251s] -- Installing: /lab2_ws/install/own_interfaces/share/ament_index/resource_index/package_run_dependencies/own_interfaces
[26.252s] -- Installing: /lab2_ws/install/own_interfaces/share/ament_index/resource_index/parent_prefix_path/own_interfaces
[26.253s] -- Installing: /lab2_ws/install/own_interfaces/share/own_interfaces/environment/ament_prefix_path.sh
[26.254s] -- Installing: /lab2_ws/install/own_interfaces/share/own_interfaces/environment/ament_prefix_path.dsv
[26.255s] -- Installing: /lab2_ws/install/own_interfaces/share/own_interfaces/environment/path.sh
[26.256s] -- Installing: /lab2_ws/install/own_interfaces/share/own_interfaces/environment/path.dsv
[26.257s] -- Installing: /lab2_ws/install/own_interfaces/share/own_interfaces/local_setup.bash
[26.258s] -- Installing: /lab2_ws/install/own_interfaces/share/own_interfaces/local_setup.sh
[26.258s] -- Installing: /lab2_ws/install/own_interfaces/share/own_interfaces/local_setup.zsh
[26.259s] -- Installing: /lab2_ws/install/own_interfaces/share/own_interfaces/local_setup.dsv
[26.260s] -- Installing: /lab2_ws/install/own_interfaces/share/own_interfaces/package.dsv
[26.261s] -- Installing: /lab2_ws/install/own_interfaces/share/ament_index/resource_index/packages/own_interfaces
[26.262s] -- Installing: /lab2_ws/install/own_interfaces/share/own_interfaces/cmake/own_interfaces__rosidl_generator_cExport.cmake
[26.263s] -- Installing: /lab2_ws/install/own_interfaces/share/own_interfaces/cmake/own_interfaces__rosidl_generator_cExport-noconfig.cmake
[26.267s] -- Installing: /lab2_ws/install/own_interfaces/share/own_interfaces/cmake/own_interfaces__rosidl_typesupport_introspection_cExport.cmake
[26.268s] -- Installing: /lab2_ws/install/own_interfaces/share/own_interfaces/cmake/own_interfaces__rosidl_typesupport_introspection_cExport-noconfig.cmake
[26.269s] -- Installing: /lab2_ws/install/own_interfaces/share/own_interfaces/cmake/own_interfaces__rosidl_typesupport_cExport.cmake
[26.270s] -- Installing: /lab2_ws/install/own_interfaces/share/own_interfaces/cmake/own_interfaces__rosidl_typesupport_cExport-noconfig.cmake
[26.271s] -- Installing: /lab2_ws/install/own_interfaces/share/own_interfaces/cmake/own_interfaces__rosidl_generator_cppExport.cmake
[26.272s] -- Installing: /lab2_ws/install/own_interfaces/share/own_interfaces/cmake/own_interfaces__rosidl_typesupport_introspection_cppExport.cmake
[26.273s] -- Installing: /lab2_ws/install/own_interfaces/share/own_interfaces/cmake/own_interfaces__rosidl_typesupport_introspection_cppExport-noconfig.cmake
[26.274s] -- Installing: /lab2_ws/install/own_interfaces/share/own_interfaces/cmake/own_interfaces__rosidl_typesupport_cppExport.cmake
[26.282s] -- Installing: /lab2_ws/install/own_interfaces/share/own_interfaces/cmake/own_interfaces__rosidl_typesupport_cppExport-noconfig.cmake
[26.284s] -- Installing: /lab2_ws/install/own_interfaces/share/own_interfaces/cmake/rosidl_cmake-extras.cmake
[26.285s] -- Installing: /lab2_ws/install/own_interfaces/share/own_interfaces/cmake/ament_cmake_export_dependencies-extras.cmake
[26.286s] -- Installing: /lab2_ws/install/own_interfaces/share/own_interfaces/cmake/ament_cmake_export_libraries-extras.cmake
[26.287s] -- Installing: /lab2_ws/install/own_interfaces/share/own_interfaces/cmake/ament_cmake_export_targets-extras.cmake
[26.288s] -- Installing: /lab2_ws/install/own_interfaces/share/own_interfaces/cmake/ament_cmake_export_include_directories-extras.cmake
[26.289s] -- Installing: /lab2_ws/install/own_interfaces/share/own_interfaces/cmake/rosidl_cmake_export_typesupport_libraries-extras.cmake
[26.290s] -- Installing: /lab2_ws/install/own_interfaces/share/own_interfaces/cmake/rosidl_cmake_export_typesupport_targets-extras.cmake
[26.291s] -- Installing: /lab2_ws/install/own_interfaces/share/own_interfaces/cmake/own_interfacesConfig.cmake
[26.291s] -- Installing: /lab2_ws/install/own_interfaces/share/own_interfaces/cmake/own_interfacesConfig-version.cmake
[26.292s] -- Installing: /lab2_ws/install/own_interfaces/share/own_interfaces/package.xml
[26.311s] Invoked command in '/lab2_ws/build/own_interfaces' returned '0': CMAKE_PREFIX_PATH=/lab2_ws/install/lab_2:/opt/ros/galactic /usr/bin/cmake --install /lab2_ws/build/own_interfaces
