running egg_info
creating build/lab_1/lab_1.egg-info
writing build/lab_1/lab_1.egg-info/PKG-INFO
writing dependency_links to build/lab_1/lab_1.egg-info/dependency_links.txt
writing entry points to build/lab_1/lab_1.egg-info/entry_points.txt
writing requirements to build/lab_1/lab_1.egg-info/requires.txt
writing top-level names to build/lab_1/lab_1.egg-info/top_level.txt
writing manifest file 'build/lab_1/lab_1.egg-info/SOURCES.txt'
reading manifest file 'build/lab_1/lab_1.egg-info/SOURCES.txt'
writing manifest file 'build/lab_1/lab_1.egg-info/SOURCES.txt'
running build
running build_py
creating /lab1_ws/src/lab_1/build/lab_1/build
creating /lab1_ws/src/lab_1/build/lab_1/build/lib
creating /lab1_ws/src/lab_1/build/lab_1/build/lib/lab_1
copying lab_1/__init__.py -> /lab1_ws/src/lab_1/build/lab_1/build/lib/lab_1
copying lab_1/node.py -> /lab1_ws/src/lab_1/build/lab_1/build/lib/lab_1
running install
running install_lib
creating /lab1_ws/src/lab_1/install/lab_1/lib/python3.8/site-packages/lab_1
copying /lab1_ws/src/lab_1/build/lab_1/build/lib/lab_1/__init__.py -> /lab1_ws/src/lab_1/install/lab_1/lib/python3.8/site-packages/lab_1
copying /lab1_ws/src/lab_1/build/lab_1/build/lib/lab_1/node.py -> /lab1_ws/src/lab_1/install/lab_1/lib/python3.8/site-packages/lab_1
byte-compiling /lab1_ws/src/lab_1/install/lab_1/lib/python3.8/site-packages/lab_1/__init__.py to __init__.cpython-38.pyc
byte-compiling /lab1_ws/src/lab_1/install/lab_1/lib/python3.8/site-packages/lab_1/node.py to node.cpython-38.pyc
running install_data
creating /lab1_ws/src/lab_1/install/lab_1/share/ament_index
creating /lab1_ws/src/lab_1/install/lab_1/share/ament_index/resource_index
creating /lab1_ws/src/lab_1/install/lab_1/share/ament_index/resource_index/packages
copying resource/lab_1 -> /lab1_ws/src/lab_1/install/lab_1/share/ament_index/resource_index/packages
copying package.xml -> /lab1_ws/src/lab_1/install/lab_1/share/lab_1
running install_egg_info
Copying build/lab_1/lab_1.egg-info to /lab1_ws/src/lab_1/install/lab_1/lib/python3.8/site-packages/lab_1-0.0.0-py3.8.egg-info
running install_scripts
Installing node script to /lab1_ws/src/lab_1/install/lab_1/lib/lab_1
writing list of installed files to '/lab1_ws/src/lab_1/build/lab_1/install.log'
