[0.894s] Invoking command in '/lab1_ws/src/lab_1': PYTHONPATH=/lab1_ws/src/lab_1/install/lab_1/lib/python3.8/site-packages:${PYTHONPATH} /usr/bin/python3 setup.py egg_info --egg-base build/lab_1 build --build-base /lab1_ws/src/lab_1/build/lab_1/build install --prefix /lab1_ws/src/lab_1/install/lab_1 --record /lab1_ws/src/lab_1/build/lab_1/install.log --single-version-externally-managed
[1.655s] running egg_info
[1.657s] creating build/lab_1/lab_1.egg-info
[1.657s] writing build/lab_1/lab_1.egg-info/PKG-INFO
[1.658s] writing dependency_links to build/lab_1/lab_1.egg-info/dependency_links.txt
[1.659s] writing entry points to build/lab_1/lab_1.egg-info/entry_points.txt
[1.660s] writing requirements to build/lab_1/lab_1.egg-info/requires.txt
[1.661s] writing top-level names to build/lab_1/lab_1.egg-info/top_level.txt
[1.684s] writing manifest file 'build/lab_1/lab_1.egg-info/SOURCES.txt'
[1.910s] reading manifest file 'build/lab_1/lab_1.egg-info/SOURCES.txt'
[1.912s] writing manifest file 'build/lab_1/lab_1.egg-info/SOURCES.txt'
[1.915s] running build
[1.919s] running build_py
[1.920s] creating /lab1_ws/src/lab_1/build/lab_1/build
[1.921s] creating /lab1_ws/src/lab_1/build/lab_1/build/lib
[1.921s] creating /lab1_ws/src/lab_1/build/lab_1/build/lib/lab_1
[1.922s] copying lab_1/__init__.py -> /lab1_ws/src/lab_1/build/lab_1/build/lib/lab_1
[1.923s] copying lab_1/node.py -> /lab1_ws/src/lab_1/build/lab_1/build/lib/lab_1
[1.927s] running install
[1.943s] running install_lib
[1.954s] creating /lab1_ws/src/lab_1/install/lab_1/lib/python3.8/site-packages/lab_1
[1.955s] copying /lab1_ws/src/lab_1/build/lab_1/build/lib/lab_1/__init__.py -> /lab1_ws/src/lab_1/install/lab_1/lib/python3.8/site-packages/lab_1
[1.959s] copying /lab1_ws/src/lab_1/build/lab_1/build/lib/lab_1/node.py -> /lab1_ws/src/lab_1/install/lab_1/lib/python3.8/site-packages/lab_1
[1.960s] byte-compiling /lab1_ws/src/lab_1/install/lab_1/lib/python3.8/site-packages/lab_1/__init__.py to __init__.cpython-38.pyc
[1.967s] byte-compiling /lab1_ws/src/lab_1/install/lab_1/lib/python3.8/site-packages/lab_1/node.py to node.cpython-38.pyc
[1.968s] running install_data
[1.975s] creating /lab1_ws/src/lab_1/install/lab_1/share/ament_index
[1.976s] creating /lab1_ws/src/lab_1/install/lab_1/share/ament_index/resource_index
[1.976s] creating /lab1_ws/src/lab_1/install/lab_1/share/ament_index/resource_index/packages
[1.977s] copying resource/lab_1 -> /lab1_ws/src/lab_1/install/lab_1/share/ament_index/resource_index/packages
[1.978s] copying package.xml -> /lab1_ws/src/lab_1/install/lab_1/share/lab_1
[1.978s] running install_egg_info
[1.999s] Copying build/lab_1/lab_1.egg-info to /lab1_ws/src/lab_1/install/lab_1/lib/python3.8/site-packages/lab_1-0.0.0-py3.8.egg-info
[2.001s] running install_scripts
[2.127s] Installing node script to /lab1_ws/src/lab_1/install/lab_1/lib/lab_1
[2.134s] writing list of installed files to '/lab1_ws/src/lab_1/build/lab_1/install.log'
[2.261s] Invoked command in '/lab1_ws/src/lab_1' returned '0': PYTHONPATH=/lab1_ws/src/lab_1/install/lab_1/lib/python3.8/site-packages:${PYTHONPATH} /usr/bin/python3 setup.py egg_info --egg-base build/lab_1 build --build-base /lab1_ws/src/lab_1/build/lab_1/build install --prefix /lab1_ws/src/lab_1/install/lab_1 --record /lab1_ws/src/lab_1/build/lab_1/install.log --single-version-externally-managed
